<?xml version="1.0" encoding="UTF-8"?>
<!-- Generated by org.testng.reporters.JUnitReportReporter -->
<testsuite hostname="QT-INBG-LT0837" failures="0" tests="2" name="Pallavi.Selenium.TestngImplementation" time="0.011" errors="0" timestamp="2022-07-28T10:53:51 IST" skipped="0">
  <testcase classname="Pallavi.Selenium.TestngImplementation" name="amultiple" time="0.007"/>
  <system-out/>
  <testcase classname="Pallavi.Selenium.TestngImplementation" name="calc" time="0.004"/>
  <system-out/>
</testsuite> <!-- Pallavi.Selenium.TestngImplementation -->
