<?xml version="1.0" encoding="UTF-8"?>
<!-- Generated by org.testng.reporters.JUnitReportReporter -->
<testsuite hostname="QT-INBG-LT0837" failures="0" tests="4" name="Pallavi.Selenium.ParameterizationDemo" time="0.018" errors="0" timestamp="2022-07-28T11:17:54 IST" skipped="0">
  <testcase classname="Pallavi.Selenium.ParameterizationDemo" name="implementation" time="0.001"/>
  <system-out/>
  <testcase classname="Pallavi.Selenium.ParameterizationDemo" name="orientation" time="0.001"/>
  <system-out/>
  <testcase classname="Pallavi.Selenium.ParameterizationDemo" name="catchable" time="0.014"/>
  <system-out/>
  <testcase classname="Pallavi.Selenium.ParameterizationDemo" name="result" time="0.002"/>
  <system-out/>
</testsuite> <!-- Pallavi.Selenium.ParameterizationDemo -->
